yarn run v1.22.18
$ (npx hardhat deploy --network mainnet --verbose --export '../dapp/network.mainnet.json') && yarn run copy-interface-artifacts
Compiled 61 Solidity files successfully
 ·-----------------------------------------|-------------·
 |  [1mContract Name[22m                          ·  Size (KB)  │
 ··········································|··············
 |  AaveStrategy                           ·     11.701  │
 ··········································|··············
 |  AaveStrategyProxy                      ·      2.496  │
 ··········································|··············
 |  Address                                ·      0.086  │
 ··········································|··············
 |  Buyback                                ·      5.515  │
 ··········································|··············
 |  BuybackProxy                           ·      2.496  │
 ··········································|··············
 |  CompensationClaims                     ·      4.970  │
 ··········································|··············
 |  CompoundStrategy                       ·     10.273  │
 ··········································|··············
 |  CompoundStrategyProxy                  ·      2.496  │
 ··········································|··············
 |  console                                ·      0.086  │
 ··········································|··············
 |  ConvexEthMetaStrategy                  ·     14.292  │
 ··········································|··············
 |  ConvexEthMetaStrategyProxy             ·      2.496  │
 ··········································|··············
 |  ConvexGeneralizedMetaStrategy          ·     17.381  │
 ··········································|··············
 |  ConvexLUSDMetaStrategyProxy            ·      2.496  │
 ··········································|··············
 |  ConvexOUSDMetaStrategy                 ·     18.575  │
 ··········································|··············
 |  ConvexOUSDMetaStrategyProxy            ·      2.496  │
 ··········································|··············
 |  ConvexStrategy                         ·     13.649  │
 ··········································|··············
 |  ConvexStrategyProxy                    ·      2.496  │
 ··········································|··············
 |  CryticInterface                        ·      0.063  │
 ··········································|··············
 |  Dripper                                ·      3.305  │
 ··········································|··············
 |  DripperProxy                           ·      2.496  │
 ··········································|··············
 |  ERC20                                  ·      2.244  │
 ··········································|··············
 |  FixedPoint                             ·      0.086  │
 ··········································|··············
 |  Flipper                                ·      5.724  │
 ··········································|··············
 |  FraxETHStrategy                        ·      9.725  │
 ··········································|··············
 |  FraxETHStrategyProxy                   ·      2.496  │
 ··········································|··············
 |  Generalized4626Strategy                ·      8.711  │
 ··········································|··············
 |  Governable                             ·      0.962  │
 ··········································|··············
 |  Governor                               ·     10.010  │
 ··········································|··············
 |  Harvester                              ·      9.421  │
 ··········································|··············
 |  HarvesterProxy                         ·      2.496  │
 ··········································|··············
 |  Helpers                                ·      0.086  │
 ··········································|··············
 |  InitializableGovernable                ·      0.962  │
 ··········································|··············
 |  InitializeGovernedUpgradeabilityProxy  ·      2.496  │
 ··········································|··············
 |  LiquidityReward                        ·      6.117  │
 ··········································|··············
 |  Math                                   ·      0.086  │
 ··········································|··············
 |  Mock3CRV                               ·      3.011  │
 ··········································|··············
 |  MockAave                               ·      2.510  │
 ··········································|··············
 |  MockAaveIncentivesController           ·      0.986  │
 ··········································|··············
 |  MockAAVEToken                          ·      2.597  │
 ··········································|··············
 |  MockAToken                             ·      4.132  │
 ··········································|··············
 |  MockBooster                            ·      9.837  │
 ··········································|··············
 |  MockChainlinkOracleFeed                ·      0.622  │
 ··········································|··············
 |  MockCOMP                               ·      2.597  │
 ··········································|··············
 |  MockComptroller                        ·      0.491  │
 ··········································|··············
 |  MockCRV                                ·      2.597  │
 ··········································|··············
 |  MockCRVMinter                          ·      0.446  │
 ··········································|··············
 |  MockCToken                             ·      3.967  │
 ··········································|··············
 |  MockCurveGauge                         ·      0.817  │
 ··········································|··············
 |  MockCurveLUSDMetapool                  ·      6.316  │
 ··········································|··············
 |  MockCurveMetapool                      ·      6.316  │
 ··········································|··············
 |  MockCurvePool                          ·      4.253  │
 ··········································|··············
 |  MockCVX                                ·      2.597  │
 ··········································|··············
 |  MockDAI                                ·      2.597  │
 ··········································|··············
 |  MockDepositToken                       ·      2.597  │
 ··········································|··············
 |  MockEvilDAI                            ·      2.545  │
 ··········································|··············
 |  MockfrxETH                             ·      2.597  │
 ··········································|··············
 |  MockFrxETHMinter                       ·      0.425  │
 ··········································|··············
 |  MockLimitedWrappedOusd                 ·      7.821  │
 ··········································|··············
 |  MockLUSD                               ·      2.597  │
 ··········································|··············
 |  MockMintableUniswapPair                ·      3.442  │
 ··········································|··············
 |  MockNonRebasing                        ·      1.344  │
 ··········································|··············
 |  MockNonStandardToken                   ·      2.637  │
 ··········································|··············
 |  MockOETHOracleRouterNoStale            ·      2.204  │
 ··········································|··············
 |  MockOGN                                ·      5.714  │
 ··········································|··············
 |  MockOGV                                ·      2.597  │
 ··········································|··············
 |  MockOracle                             ·      1.297  │
 ··········································|··············
 |  MockOracleRouter                       ·      2.998  │
 ··········································|··············
 |  MockOracleRouterNoStale                ·      3.195  │
 ··········································|··············
 |  MockRETH                               ·      2.662  │
 ··········································|··············
 |  MockRewardPool                         ·      2.676  │
 ··········································|··············
 |  MocksfrxETH                            ·      4.082  │
 ··········································|··············
 |  MockstETH                              ·      2.597  │
 ··········································|··············
 |  MockStkAave                            ·      4.524  │
 ··········································|··············
 |  MockTUSD                               ·      2.597  │
 ··········································|··············
 |  MockUniswapPair                        ·      0.998  │
 ··········································|··············
 |  MockUniswapRouter                      ·      3.348  │
 ··········································|··············
 |  MockUSDC                               ·      2.597  │
 ··········································|··············
 |  MockUSDT                               ·      2.597  │
 ··········································|··············
 |  MockVault                              ·     14.334  │
 ··········································|··············
 |  MockWETH                               ·      3.256  │
 ··········································|··············
 |  MorphoAaveStrategy                     ·      9.054  │
 ··········································|··············
 |  MorphoAaveStrategyProxy                ·      2.496  │
 ··········································|··············
 |  MorphoCompoundStrategy                 ·     10.257  │
 ··········································|··············
 |  MorphoCompoundStrategyProxy            ·      2.496  │
 ··········································|··············
 |  OETH                                   ·      8.079  │
 ··········································|··············
 |  OETHDripper                            ·      3.305  │
 ··········································|··············
 |  OETHDripperProxy                       ·      2.496  │
 ··········································|··············
 |  OETHHarvester                          ·      9.260  │
 ··········································|··············
 |  OETHHarvesterProxy                     ·      2.496  │
 ··········································|··············
 |  OETHMorphoAaveStrategyProxy            ·      2.496  │
 ··········································|··············
 |  OETHOracleRouter                       ·      2.178  │
 ··········································|··············
 |  OETHProxy                              ·      2.496  │
 ··········································|··············
 |  OETHVault                              ·     10.848  │
 ··········································|··············
 |  OETHVaultAdmin                         ·     10.189  │
 ··········································|··············
 |  OETHVaultCore                          ·     13.727  │
 ··········································|··············
 |  OETHVaultProxy                         ·      2.496  │
 ··········································|··············
 |  OETHVaultValueChecker                  ·      1.976  │
 ··········································|··············
 |  OETHZapper                             ·      1.756  │
 ··········································|··············
 |  OracleRouter                           ·      3.169  │
 ··········································|··············
 |  OUSD                                   ·      8.079  │
 ··········································|··············
 |  OUSDProxy                              ·      2.496  │
 ··········································|··············
 |  OUSDResolutionUpgrade                  ·      2.040  │
 ··········································|··············
 |  PropertiesOUSDTransferable             ·     12.152  │
 ··········································|··············
 |  Reborner                               ·      1.999  │
 ··········································|··············
 |  SafeCast                               ·      0.086  │
 ··········································|··············
 |  SafeERC20                              ·      0.086  │
 ··········································|··············
 |  SafeMath                               ·      0.086  │
 ··········································|··············
 |  Sanctum                                ·      1.065  │
 ··········································|··············
 |  SingleAssetStaking                     ·     11.421  │
 ··········································|··············
 |  StableMath                             ·      0.086  │
 ··········································|··············
 |  Strategizable                          ·      1.199  │
 ··········································|··············
 |  Strings                                ·      0.086  │
 ··········································|··············
 |  TestOUSDTransferable                   ·     12.158  │
 ··········································|··············
 |  ThreePoolStrategy                      ·     13.095  │
 ··········································|··············
 |  ThreePoolStrategyProxy                 ·      2.496  │
 ··········································|··············
 |  Timelock                               ·      1.705  │
 ··········································|··············
 |  Types                                  ·      0.086  │
 ··········································|··············
 |  Vault                                  ·     10.848  │
 ··········································|··············
 |  VaultAdmin                             ·     10.189  │
 ··········································|··············
 |  VaultCore                              ·     13.727  │
 ··········································|··············
 |  VaultInitializer                       ·      2.350  │
 ··········································|··············
 |  VaultProxy                             ·      2.496  │
 ··········································|··············
 |  VaultStorage                           ·      1.658  │
 ··········································|··············
 |  VaultValueChecker                      ·      1.976  │
 ··········································|··············
 |  WOETH                                  ·      7.706  │
 ··········································|··············
 |  WOETHProxy                             ·      2.496  │
 ··········································|··············
 |  WrappedOusd                            ·      7.706  │
 ··········································|··············
 |  WrappedOUSDProxy                       ·      2.496  │
 ·-----------------------------------------|-------------·
Running 067_ousd_vault_value_checker deployment...
Gas price (gwei): Regular=20.252533151 Premium=30.378799726
Storage slots layout for VaultValueChecker saved to ./storageLayout/mainnet/VaultValueChecker.json 
INFO: Deployed VaultValueChecker Address: 0x25041Ccb8352b9BA65883a94685aeF07a5aD8739 Gas Used: 481961
067_ousd_vault_value_checker deploy done.
$ mkdir -p ../dapp/abis && cp artifacts/contracts/interfaces/IVault.sol/IVault.json ../dapp/abis/IVault.json && cp artifacts/contracts/liquidity/LiquidityReward.sol/LiquidityReward.json ../dapp/abis/LiquidityReward.json && cp artifacts/contracts/interfaces/uniswap/IUniswapV2Pair.sol/IUniswapV2Pair.json ../dapp/abis/IUniswapV2Pair.json && cp artifacts/contracts/staking/SingleAssetStaking.sol/SingleAssetStaking.json ../dapp/abis/SingleAssetStaking.json && cp artifacts/contracts/compensation/CompensationClaims.sol/CompensationClaims.json ../dapp/abis/CompensationClaims.json && cp artifacts/contracts/flipper/Flipper.sol/Flipper.json ../dapp/abis/Flipper.json
Done in 62.21s.
